<?xml version="1.0" encoding="UTF-8"?>
<!-- Generated by org.testng.reporters.JUnitReportReporter -->
<testsuite hostname="HomeLaptop" name="test.LeftList" tests="3" failures="0" timestamp="11 Nov 2016 19:19:55 GMT" time="9.231" errors="0">
  <testcase name="TestHomePageIsOpened" time="0.784" classname="test.LeftList"/>
  <testcase name="DeleteLetters" time="2.300" classname="test.LeftList"/>
  <testcase name="TestHomePageLeftTable" time="6.147" classname="test.LeftList"/>
</testsuite> <!-- test.LeftList -->
